* using log directory ‘/Users/markutz556/umichbioinf/Fall2018/Biostat615/project/smo_package/Smo615.Rcheck’
* using R version 3.4.1 (2017-06-30)
* using platform: x86_64-apple-darwin15.6.0 (64-bit)
* using session charset: UTF-8
* checking for file ‘Smo615/DESCRIPTION’ ... OK
* checking extension type ... Package
* this is package ‘Smo615’ version ‘1.0’
* checking package namespace information ... OK
* checking package dependencies ... OK
* checking if this is a source package ... WARNING
Subdirectory ‘Smo615/src’ contains apparent object files/libraries
  Smo615.o Smo615.so
Object files/libraries should not be included in a source package.
* checking if there is a namespace ... OK
* checking for executable files ... OK
* checking for hidden files and directories ... NOTE
Found the following hidden files and directories:
  .DS_Store
  R/.DS_Store
  man/.DS_Store
  src/.DS_Store
These were most likely included in error. See section ‘Package
structure’ in the ‘Writing R Extensions’ manual.
* checking for portable file names ... OK
* checking for sufficient/correct file permissions ... OK
* checking whether package ‘Smo615’ can be installed ... OK
* checking installed package size ... OK
* checking package directory ... OK
* checking DESCRIPTION meta-information ... NOTE
Checking should be performed on sources prepared by ‘R CMD build’.
* checking top-level files ... OK
* checking for left-over files ... OK
* checking index information ... OK
* checking package subdirectories ... OK
* checking R files for non-ASCII characters ... OK
* checking R files for syntax errors ... OK
* checking whether the package can be loaded ... OK
* checking whether the package can be loaded with stated dependencies ... OK
* checking whether the package can be unloaded cleanly ... OK
* checking whether the namespace can be loaded with stated dependencies ... OK
* checking whether the namespace can be unloaded cleanly ... OK
* checking loading without being on the library search path ... OK
* checking dependencies in R code ... OK
* checking S3 generic/method consistency ... OK
* checking replacement functions ... OK
* checking foreign function calls ... OK
* checking R code for possible problems ... NOTE
smo615: no visible global function definition for ‘read.table’
smo615: no visible global function definition for ‘plot’
smo615: no visible global function definition for ‘contour’
smo615: no visible global function definition for ‘abline’
Undefined global functions or variables:
  abline contour plot read.table
Consider adding
  importFrom("graphics", "abline", "contour", "plot")
  importFrom("utils", "read.table")
to your NAMESPACE file.
* checking Rd files ... WARNING
Smo615-package.Rd: non-ASCII input and no declared encoding
problem found in ‘Smo615-package.Rd’
* checking Rd metadata ... OK
* checking Rd cross-references ... OK
* checking for missing documentation entries ... WARNING
Undocumented code objects:
  ‘smo615’
All user-level objects in a package should have documentation entries.
See chapter ‘Writing R documentation files’ in the ‘Writing R
Extensions’ manual.
* checking for code/documentation mismatches ... OK
* checking Rd \usage sections ... OK
* checking Rd contents ... OK
* checking for unstated dependencies in examples ... OK
* checking line endings in C/C++/Fortran sources/headers ... OK
* checking compiled code ... WARNING
File ‘Smo615/libs/Smo615.so’:
  Found ‘__ZNSt3__14cerrE’, possibly from ‘std::cerr’ (C++)
    Object: ‘Smo615.o’
  Found ‘__ZNSt3__14coutE’, possibly from ‘std::cout’ (C++)
    Object: ‘Smo615.o’
  Found ‘_abort’, possibly from ‘abort’ (C)
    Object: ‘Smo615.o’

Compiled code should not call entry points which might terminate R nor
write to stdout/stderr instead of to the console, nor the system RNG.

See ‘Writing portable packages’ in the ‘Writing R Extensions’ manual.
* checking examples ... OK
* checking PDF version of manual ... WARNING
LaTeX errors when creating PDF version.
This typically indicates Rd problems.
* checking PDF version of manual without hyperrefs or index ... ERROR
Re-running with no redirection of stdout/stderr.
* DONE
Status: 1 ERROR, 5 WARNINGs, 3 NOTEs
